<?xml version="1.0" encoding="UTF-8"?>
<!-- Generated by org.testng.reporters.JUnitReportReporter -->
<testsuite hostname="DESKTOP-CKMFRG4" failures="0" tests="4" name="com.restassured.udemy.addApi.DynamicJson" time="359.966" errors="0" timestamp="2021-01-10T01:13:14 IST" skipped="1">
  <testcase classname="com.restassured.udemy.addApi.DynamicJson" name="addBook" time="190.234"/>
  <system-out/>
  <testcase classname="com.restassured.udemy.addApi.DynamicJson" name="addBook" time="61.894"/>
  <system-out/>
  <testcase classname="com.restassured.udemy.addApi.DynamicJson" name="addBook" time="107.838"/>
  <system-out/>
  <testcase classname="com.restassured.udemy.addApi.DynamicJson" name="deleteBook">
    <skipped/>
  </testcase> <!-- deleteBook -->
  <system-out/>
</testsuite> <!-- com.restassured.udemy.addApi.DynamicJson -->
