<?xml version="1.0" encoding="UTF-8"?>
<!-- Generated by org.testng.reporters.JUnitReportReporter -->
<testsuite hostname="DESKTOP-CKMFRG4" failures="0" tests="2" name="com.restassured.udemy.addApi.PurchaseAmountValidation" time="5.557" errors="0" timestamp="2021-01-07T10:49:27 IST" skipped="1">
  <testcase classname="com.restassured.udemy.addApi.PurchaseAmountValidation" name="addPlace" time="5.557"/>
  <system-out/>
  <testcase classname="com.restassured.udemy.addApi.PurchaseAmountValidation" name="sumTest">
    <skipped/>
  </testcase> <!-- sumTest -->
  <system-out/>
</testsuite> <!-- com.restassured.udemy.addApi.PurchaseAmountValidation -->
