<?xml version="1.0" encoding="UTF-8"?>
<!-- Generated by org.testng.reporters.JUnitReportReporter -->
<testsuite hostname="DESKTOP-CKMFRG4" failures="0" tests="1" name="com.restassured.udemy.addApi.JiraApis" time="4.889" errors="0" timestamp="2021-01-13T17:37:01 IST" skipped="0">
  <testcase classname="com.restassured.udemy.addApi.JiraApis" name="createSession" time="4.889"/>
  <system-out/>
</testsuite> <!-- com.restassured.udemy.addApi.JiraApis -->
